[2025-06-13 12:08:12] INFO: 1Bo's Plan v2.0.0 started successfully
[2025-06-13 12:21:59] INFO: 1Bo's Plan v2.0.0 started successfully
[2025-06-13 12:24:35] INFO: 1Bo's Plan v2.0.0 started successfully
[2025-06-13 12:25:57] INFO: 1Bo's Plan v2.0.0 started successfully
[2025-06-13 12:27:51] INFO: 1Bo's Plan v2.0.0 started successfully
[2025-06-13 12:28:25] INFO: 1Bo's Plan v2.0.0 started successfully
[2025-06-13 12:28:39] INFO: Budget updated for Korean stock: 005930
[2025-06-13 12:28:39] INFO: File loaded: D:\vscode\stock_analyzer2\data\005930_250612.csv
[2025-06-13 12:29:42] INFO: Budget updated for US stock: SOXL
[2025-06-13 12:29:42] INFO: Stock selected: SOXL
[2025-06-13 12:39:12] ERROR: Files list refresh failed: 'BosPlanApp' object has no attribute 'files_listbox'
[2025-06-13 12:39:12] INFO: 1Bo's Plan v2.0.0 started successfully
[2025-06-13 12:41:35] INFO: 1Bo's Plan v2.0.0 started successfully
[2025-06-13 12:44:35] INFO: 1Bo's Plan v2.0.0 started successfully
[2025-06-13 12:50:43] INFO: 1Bo's Plan v2.0.0 started successfully
[2025-06-13 12:51:55] INFO: 1Bo's Plan v2.0.0 started successfully
[2025-06-13 12:52:14] INFO: Budget updated for US stock: PLTR
[2025-06-13 12:52:14] INFO: Stock selected: PLTR
[2025-06-13 13:03:19] INFO: 1Bo's Plan v2.0.0 started successfully
[2025-06-13 13:03:25] INFO: Budget updated for US stock: SOXL
[2025-06-13 13:03:25] INFO: Stock selected: SOXL
[2025-06-13 13:16:10] INFO: 1Bo's Plan v2.0.0 started successfully
[2025-06-13 13:16:58] INFO: 1Bo's Plan v2.0.0 started successfully
[2025-06-13 13:17:11] INFO: Budget updated for US stock: SOXL
[2025-06-13 13:17:11] INFO: Stock selected: SOXL
[2025-06-13 13:24:25] INFO: 1Bo's Plan v2.0.0 started successfully
[2025-06-13 13:24:30] INFO: Budget updated for US stock: SOXL
[2025-06-13 13:24:30] INFO: Stock selected: SOXL
[2025-06-13 13:47:50] INFO: 1Bo's Plan v2.0.0 started successfully
[2025-06-13 13:48:26] INFO: Budget updated for US stock: SOXL
[2025-06-13 13:48:26] INFO: Stock selected: SOXL
[2025-06-13 13:52:31] INFO: 1Bo's Plan v2.0.0 started successfully
[2025-06-13 13:52:39] INFO: Budget updated for US stock: SOXL
[2025-06-13 13:52:39] INFO: Stock selected: SOXL
[2025-06-13 13:59:50] INFO: 1Bo's Plan v2.0.0 started successfully
[2025-06-13 13:59:56] INFO: Budget updated for US stock: SOXL
[2025-06-13 13:59:56] INFO: Stock selected: SOXL
[2025-06-13 14:01:14] INFO: 1Bo's Plan v2.0.0 started successfully
[2025-06-13 14:01:18] INFO: Budget updated for US stock: TNA
[2025-06-13 14:01:18] INFO: Stock selected: TNA
[2025-06-13 14:04:01] INFO: 1Bo's Plan v2.0.0 started successfully
[2025-06-13 14:04:03] INFO: Budget updated for US stock: TNA
[2025-06-13 14:04:03] INFO: Stock selected: TNA
[2025-06-13 14:05:01] INFO: 1Bo's Plan v2.0.0 started successfully
[2025-06-13 14:05:05] INFO: Budget updated for US stock: TNA
[2025-06-13 14:05:05] INFO: Stock selected: TNA
