[2025-06-12 09:48:09] INFO: 1Bo's Plan v1.0.0 started successfully
[2025-06-12 09:48:25] INFO: Budget updated for US stock: SOXL
[2025-06-12 09:48:25] INFO: Stock selected: SOXL
[2025-06-12 10:32:38] INFO: 1Bo's Plan v1.0.0 started successfully
[2025-06-12 13:59:46] INFO: 1Bo's Plan v2.0.0 started successfully
[2025-06-12 14:03:23] INFO: Budget updated for US stock: SOXL
[2025-06-12 14:03:23] INFO: Stock selected: SOXL
[2025-06-12 14:05:37] INFO: Budget updated for Korean stock: 005930
[2025-06-12 14:05:37] INFO: File loaded: 005930_250610.csv
[2025-06-12 14:33:29] INFO: 1Bo's Plan v2.0.0 started successfully
[2025-06-12 14:33:38] INFO: Budget updated for US stock: SOXL
[2025-06-12 14:33:38] INFO: Stock selected: SOXL
[2025-06-12 14:45:00] INFO: 1Bo's Plan v2.0.0 started successfully
[2025-06-12 14:45:15] INFO: Budget updated for US stock: SOXL
[2025-06-12 14:45:15] INFO: Stock selected: SOXL
[2025-06-12 14:52:24] INFO: 1Bo's Plan v2.0.0 started successfully
[2025-06-12 14:53:12] INFO: Budget updated for Korean stock: 064350
[2025-06-12 14:53:12] INFO: Korean stock selected: 현대로템 (64350)
[2025-06-12 14:53:16] INFO: Budget updated for Korean stock: 064350
[2025-06-12 15:10:09] INFO: 1Bo's Plan v2.0.0 started successfully
[2025-06-12 15:10:14] INFO: Budget updated for US stock: SOXL
[2025-06-12 15:10:14] INFO: File loaded: SOXL_250612.csv
[2025-06-12 15:31:34] INFO: 1Bo's Plan v2.0.0 started successfully
[2025-06-12 15:44:54] INFO: 1Bo's Plan v2.0.0 started successfully
[2025-06-12 15:45:11] INFO: Budget updated for US stock: SOXL
[2025-06-12 15:45:11] INFO: Stock selected: SOXL
[2025-06-12 15:58:58] INFO: 1Bo's Plan v2.0.0 started successfully
[2025-06-12 15:59:24] INFO: Budget updated for US stock: SOXL
[2025-06-12 15:59:24] INFO: File loaded: SOXL_250612.csv
[2025-06-12 16:09:03] INFO: 1Bo's Plan v2.0.0 started successfully
[2025-06-12 16:09:18] INFO: Budget updated for US stock: SOXL
[2025-06-12 16:09:18] INFO: File loaded: SOXL_250612.csv
[2025-06-12 16:12:19] INFO: 1Bo's Plan v2.0.0 started successfully
[2025-06-12 16:12:25] INFO: Budget updated for US stock: SOXL
[2025-06-12 16:12:25] INFO: Stock selected: SOXL
[2025-06-12 16:18:49] INFO: 1Bo's Plan v2.0.0 started successfully
[2025-06-12 16:18:56] INFO: Budget updated for US stock: SOXL
[2025-06-12 16:18:56] INFO: Stock selected: SOXL
[2025-06-12 16:21:48] INFO: 1Bo's Plan v2.0.0 started successfully
[2025-06-12 16:48:19] INFO: 1Bo's Plan v2.0.0 started successfully
[2025-06-12 16:48:32] INFO: Budget updated for US stock: SOXL
[2025-06-12 16:48:32] INFO: Stock selected: SOXL
[2025-06-12 16:48:32] INFO: Stock selected: SOXL
[2025-06-12 16:59:41] INFO: 1Bo's Plan v2.0.0 started successfully
[2025-06-12 16:59:54] INFO: Budget updated for US stock: SOXL
[2025-06-12 16:59:54] INFO: Stock selected: SOXL
[2025-06-12 18:01:52] INFO: 1Bo's Plan v2.0.0 started successfully
[2025-06-12 18:02:01] INFO: Budget updated for US stock: SOXL
[2025-06-12 18:02:01] INFO: Stock selected: SOXL
[2025-06-12 18:08:22] INFO: 1Bo's Plan v2.0.0 started successfully
[2025-06-12 18:08:29] INFO: Budget updated for US stock: SOXL
[2025-06-12 18:08:29] INFO: Stock selected: SOXL
[2025-06-12 19:01:52] INFO: 1Bo's Plan v2.0.0 started successfully
[2025-06-12 19:08:37] INFO: Budget updated for US stock: SOXL
[2025-06-12 19:08:37] INFO: Stock selected: SOXL
[2025-06-12 19:15:33] INFO: 1Bo's Plan v2.0.0 started successfully
[2025-06-12 19:15:41] INFO: Budget updated for US stock: SOXL
[2025-06-12 19:15:41] INFO: Stock selected: SOXL
[2025-06-12 20:04:01] INFO: 1Bo's Plan v2.0.0 started successfully
[2025-06-12 20:04:09] INFO: Budget updated for US stock: SOXL
[2025-06-12 20:04:09] INFO: Stock selected: SOXL
[2025-06-12 20:04:23] ERROR: Technical info panel update failed: 'signal'
[2025-06-12 20:22:30] INFO: 1Bo's Plan v2.0.0 started successfully
[2025-06-12 20:22:54] INFO: Budget updated for US stock: SOXL
[2025-06-12 20:22:54] INFO: Stock selected: SOXL
[2025-06-12 20:22:57] ERROR: Technical info panel update failed: 'signal'
[2025-06-12 20:26:59] INFO: 1Bo's Plan v2.0.0 started successfully
[2025-06-12 20:27:05] INFO: Budget updated for US stock: SOXL
[2025-06-12 20:27:05] INFO: Stock selected: SOXL
[2025-06-12 20:27:08] ERROR: Technical info panel update failed: 'signal'
[2025-06-12 20:29:32] INFO: 1Bo's Plan v2.0.0 started successfully
[2025-06-12 20:29:37] INFO: Budget updated for US stock: SOXL
[2025-06-12 20:29:37] INFO: Stock selected: SOXL
[2025-06-12 20:29:46] ERROR: Technical info panel update failed: 'signal'
[2025-06-12 20:29:50] ERROR: Technical info panel update failed: 'signal'
[2025-06-12 20:29:50] ERROR: Analysis summary generation failed: 'signal'
[2025-06-12 20:32:39] INFO: Stock selected: SOXL
[2025-06-12 20:32:42] ERROR: Technical info panel update failed: 'signal'
[2025-06-12 20:32:46] ERROR: Technical info panel update failed: 'signal'
[2025-06-12 20:32:46] ERROR: Analysis summary generation failed: 'signal'
[2025-06-12 20:33:19] INFO: 1Bo's Plan v2.0.0 started successfully
[2025-06-12 20:33:22] INFO: Budget updated for US stock: SOXL
[2025-06-12 20:33:22] INFO: Stock selected: SOXL
[2025-06-12 20:33:27] ERROR: Technical info panel update failed: 'NoneType' object has no attribute 'get'
[2025-06-12 20:33:32] ERROR: Technical info panel update failed: 'NoneType' object has no attribute 'get'
[2025-06-12 20:33:32] ERROR: Analysis summary generation failed: 'NoneType' object has no attribute 'get'
[2025-06-12 20:37:38] INFO: 1Bo's Plan v2.0.0 started successfully
[2025-06-12 20:37:42] INFO: Budget updated for US stock: SOXL
[2025-06-12 20:37:42] INFO: Stock selected: SOXL
[2025-06-12 20:46:32] INFO: 1Bo's Plan v2.0.0 started successfully
[2025-06-12 20:46:51] INFO: Budget updated for US stock: SOXL
[2025-06-12 20:46:51] INFO: Stock selected: SOXL
[2025-06-12 20:51:04] INFO: 1Bo's Plan v2.0.0 started successfully
[2025-06-12 20:51:09] INFO: Budget updated for US stock: SOXL
[2025-06-12 20:51:09] INFO: Stock selected: SOXL
[2025-06-12 21:01:10] INFO: 1Bo's Plan v2.0.0 started successfully
[2025-06-12 21:01:13] INFO: Budget updated for US stock: SOXL
[2025-06-12 21:01:13] INFO: Stock selected: SOXL
[2025-06-12 21:09:17] INFO: 1Bo's Plan v2.0.0 started successfully
[2025-06-12 21:17:34] INFO: 1Bo's Plan v2.0.0 started successfully
[2025-06-12 21:19:35] INFO: 1Bo's Plan v2.0.0 started successfully
[2025-06-12 21:36:03] INFO: 1Bo's Plan v2.0.0 started successfully
[2025-06-12 21:36:09] INFO: Budget updated for US stock: SOXL
[2025-06-12 21:36:09] INFO: Stock selected: SOXL
[2025-06-12 21:46:50] INFO: 1Bo's Plan v2.0.0 started successfully
[2025-06-12 21:47:01] INFO: Budget updated for US stock: SOXL
[2025-06-12 21:47:01] INFO: Stock selected: SOXL
[2025-06-12 21:48:16] INFO: Budget updated for Korean stock: 005930
[2025-06-12 21:48:16] INFO: File loaded: D:\vscode\stock_analyzer2\data\005930_250610.csv
[2025-06-12 21:50:44] INFO: Budget updated for US stock: TNA
[2025-06-12 21:50:44] INFO: Stock selected: TNA
[2025-06-12 21:52:29] INFO: Budget updated for US stock: MSFT
[2025-06-12 21:52:29] INFO: Stock selected: MSFT
[2025-06-12 21:53:03] INFO: Budget updated for US stock: TSLA
[2025-06-12 21:53:03] INFO: Stock selected: TSLA
[2025-06-12 21:53:35] INFO: Budget updated for US stock: AAPL
[2025-06-12 21:53:35] INFO: Stock selected: AAPL
[2025-06-12 21:54:21] INFO: Budget updated for US stock: SCHD
[2025-06-12 21:54:21] INFO: Stock selected: SCHD
[2025-06-12 21:54:40] INFO: Budget updated for US stock: JEPI
[2025-06-12 21:54:40] INFO: Stock selected: JEPI
