[2025-06-12 09:48:09] INFO: Chart setup completed
[2025-06-12 09:49:44] INFO: Chart updated for SOXL (Korean: False)
[2025-06-12 10:09:33] INFO: Chart updated for SOXL (Korean: False)
[2025-06-12 10:32:37] INFO: Chart setup completed
[2025-06-12 11:14:44] INFO: ChartManager initialized without parent widget
[2025-06-12 11:14:48] INFO: Chart setup completed
[2025-06-12 11:14:48] INFO: Parent widget set and chart initialized
[2025-06-12 11:25:48] INFO: ChartManager initialized without parent widget
[2025-06-12 11:25:49] INFO: Chart setup completed
[2025-06-12 11:25:49] INFO: Parent widget set and chart initialized
[2025-06-12 11:26:19] INFO: Chart updated for SOXL (Korean: False)
[2025-06-12 11:26:42] INFO: Chart updated for SOXL (Korean: False)
[2025-06-12 11:26:46] INFO: Chart updated for SOXL (Korean: False)
[2025-06-12 11:27:07] INFO: Moving averages set: MA5=True, MA20=True, MA60=False, MA200=True
[2025-06-12 11:27:07] INFO: Chart updated for SOXL (Korean: False)
[2025-06-12 11:27:08] INFO: Moving averages set: MA5=True, MA20=True, MA60=False, MA200=False
[2025-06-12 11:27:08] INFO: Chart updated for SOXL (Korean: False)
[2025-06-12 11:27:19] INFO: Moving averages set: MA5=True, MA20=True, MA60=True, MA200=False
[2025-06-12 11:27:19] INFO: Chart updated for SOXL (Korean: False)
[2025-06-12 11:27:21] INFO: Moving averages set: MA5=True, MA20=True, MA60=False, MA200=False
[2025-06-12 11:27:21] INFO: Chart updated for SOXL (Korean: False)
[2025-06-12 11:27:22] INFO: Moving averages set: MA5=True, MA20=True, MA60=True, MA200=False
[2025-06-12 11:27:23] INFO: Chart updated for SOXL (Korean: False)
[2025-06-12 11:27:24] INFO: Moving averages set: MA5=True, MA20=True, MA60=False, MA200=False
[2025-06-12 11:27:24] INFO: Chart updated for SOXL (Korean: False)
[2025-06-12 11:27:38] INFO: Chart updated for SOXL (Korean: False)
[2025-06-12 11:27:38] INFO: Chart updated for SOXL (Korean: False)
[2025-06-12 11:42:51] INFO: Chart updated for 005930 (Korean: True)
[2025-06-12 11:42:52] INFO: Chart updated for 005930 (Korean: True)
[2025-06-12 11:43:31] INFO: Chart updated for SOXL (Korean: False)
[2025-06-12 11:43:34] INFO: Chart updated for SOXL (Korean: False)
[2025-06-12 11:43:34] INFO: Chart updated for SOXL (Korean: False)
[2025-06-12 11:48:29] INFO: ChartManager initialized without parent widget
[2025-06-12 11:48:31] INFO: Chart setup completed
[2025-06-12 11:48:31] INFO: Parent widget set and chart initialized
[2025-06-12 11:49:36] INFO: Chart updated for SOXL (Korean: False)
[2025-06-12 11:49:36] INFO: Chart updated for SOXL (Korean: False)
[2025-06-12 11:49:54] INFO: Chart updated for SOXL (Korean: False)
[2025-06-12 11:49:54] INFO: Chart updated for SOXL (Korean: False)
[2025-06-12 12:03:56] INFO: ChartManager initialized without parent widget
[2025-06-12 12:03:58] INFO: Chart setup completed
[2025-06-12 12:03:58] INFO: Parent widget set and chart initialized
[2025-06-12 12:04:27] INFO: Chart updated for SOXL (Korean: False)
[2025-06-12 12:04:27] INFO: Chart updated for SOXL (Korean: False)
[2025-06-12 12:05:12] INFO: Chart updated for SOXL (Korean: False)
[2025-06-12 12:05:20] INFO: Chart updated for SOXL (Korean: False)
[2025-06-12 12:05:20] INFO: Chart updated for SOXL (Korean: False)
[2025-06-12 12:10:00] INFO: Chart updated for SOXL (Korean: False)
[2025-06-12 12:10:00] INFO: Chart updated for SOXL (Korean: False)
[2025-06-12 12:36:41] INFO: ChartManager initialized without parent widget
[2025-06-12 12:36:42] INFO: Chart setup completed
[2025-06-12 12:36:42] INFO: Parent widget set and chart initialized
[2025-06-12 12:38:25] INFO: Chart updated for SOXL (Korean: False)
[2025-06-12 12:38:25] INFO: Chart updated for SOXL (Korean: False)
[2025-06-12 12:38:42] INFO: Chart updated for SOXL (Korean: False)
[2025-06-12 12:39:09] INFO: Chart updated for SOXL (Korean: False)
[2025-06-12 12:39:27] INFO: Chart updated for SOXL (Korean: False)
[2025-06-12 12:39:29] INFO: Chart updated for SOXL (Korean: False)
[2025-06-12 12:39:45] INFO: Chart updated for SOXL (Korean: False)
[2025-06-12 12:39:46] INFO: Chart updated for SOXL (Korean: False)
[2025-06-12 12:41:47] INFO: Moving averages set: MA5=True, MA20=True, MA60=True, MA200=False
[2025-06-12 12:41:47] INFO: Chart updated for SOXL (Korean: False)
[2025-06-12 12:41:49] INFO: Moving averages set: MA5=True, MA20=True, MA60=True, MA200=True
[2025-06-12 12:41:49] INFO: Chart updated for SOXL (Korean: False)
[2025-06-12 12:41:51] INFO: Moving averages set: MA5=True, MA20=True, MA60=True, MA200=False
[2025-06-12 12:41:52] INFO: Chart updated for SOXL (Korean: False)
[2025-06-12 13:05:53] INFO: ChartManager initialized without parent widget
[2025-06-12 13:05:54] INFO: Chart setup completed
[2025-06-12 13:05:54] INFO: Parent widget set and chart initialized
[2025-06-12 13:06:14] INFO: Chart period label set to: 1년
[2025-06-12 13:06:15] INFO: Chart updated for SOXL (252 days, Korean: False)
[2025-06-12 13:06:15] INFO: Chart period label set to: 1년
[2025-06-12 13:06:15] INFO: Chart updated for SOXL (252 days, Korean: False)
[2025-06-12 13:06:44] INFO: Chart period label set to: 6개월
[2025-06-12 13:06:44] INFO: Chart updated for SOXL (120 days, Korean: False)
[2025-06-12 13:06:47] INFO: Chart period label set to: 1년
[2025-06-12 13:06:47] INFO: Chart updated for SOXL (252 days, Korean: False)
[2025-06-12 13:06:51] INFO: Chart period label set to: 90일
[2025-06-12 13:06:51] INFO: Chart updated for SOXL (60 days, Korean: False)
[2025-06-12 13:06:52] INFO: Chart period label set to: 1년
[2025-06-12 13:06:52] INFO: Chart updated for SOXL (252 days, Korean: False)
[2025-06-12 13:47:46] INFO: ChartManager initialized without parent widget
[2025-06-12 13:59:46] INFO: Chart setup completed
[2025-06-12 14:03:30] INFO: Chart updated for SOXL (2515 days, Korean: False)
[2025-06-12 14:05:37] INFO: Chart updated for 005930 (485 days, Korean: True)
[2025-06-12 14:33:29] INFO: Chart setup completed
[2025-06-12 14:33:46] INFO: Chart updated for SOXL (2515 days, Korean: False)
[2025-06-12 14:45:00] INFO: Chart setup completed
[2025-06-12 14:45:18] INFO: Chart updated for SOXL (2515 days, Korean: False)
[2025-06-12 14:52:24] INFO: Chart setup completed with control panel
[2025-06-12 14:53:17] INFO: Data filtered: 1년 (242 days)
[2025-06-12 14:53:17] ERROR: Moving averages plotting failed: 'ma120'
[2025-06-12 14:53:18] INFO: Chart updated for 064350 (242 days, Period: 1년)
[2025-06-12 14:53:34] INFO: Data filtered: 1년 (242 days)
[2025-06-12 14:53:34] ERROR: Moving averages plotting failed: 'ma120'
[2025-06-12 14:53:34] INFO: Chart updated for 064350 (242 days, Period: 1년)
[2025-06-12 14:53:51] INFO: Period changed to: 10년
[2025-06-12 14:53:51] INFO: Data filtered: 10년 (2451 days)
[2025-06-12 14:53:51] ERROR: Moving averages plotting failed: 'ma120'
[2025-06-12 14:53:51] INFO: Chart updated for 064350 (2451 days, Period: 10년)
[2025-06-12 14:53:58] INFO: Moving averages changed: MA5=True, MA20=True, MA60=False, MA120=True, MA200=False
[2025-06-12 14:53:58] INFO: Data filtered: 10년 (2451 days)
[2025-06-12 14:53:58] ERROR: Moving averages plotting failed: 'ma120'
[2025-06-12 14:53:58] INFO: Chart updated for 064350 (2451 days, Period: 10년)
[2025-06-12 14:54:00] INFO: Moving averages changed: MA5=True, MA20=True, MA60=False, MA120=True, MA200=True
[2025-06-12 14:54:00] INFO: Data filtered: 10년 (2451 days)
[2025-06-12 14:54:00] ERROR: Moving averages plotting failed: 'ma120'
[2025-06-12 14:54:00] INFO: Chart updated for 064350 (2451 days, Period: 10년)
[2025-06-12 14:54:57] INFO: Period changed to: 1년
[2025-06-12 14:54:57] INFO: Data filtered: 1년 (242 days)
[2025-06-12 14:54:57] ERROR: Moving averages plotting failed: 'ma120'
[2025-06-12 14:54:57] INFO: Chart updated for 064350 (242 days, Period: 1년)
[2025-06-12 14:55:27] INFO: Period changed to: 6개월
[2025-06-12 14:55:27] INFO: Data filtered: 6개월 (116 days)
[2025-06-12 14:55:27] ERROR: Moving averages plotting failed: 'ma120'
[2025-06-12 14:55:28] INFO: Chart updated for 064350 (116 days, Period: 6개월)
[2025-06-12 14:55:32] INFO: Period changed to: 5년
[2025-06-12 14:55:32] INFO: Data filtered: 5년 (1224 days)
[2025-06-12 14:55:32] ERROR: Moving averages plotting failed: 'ma120'
[2025-06-12 14:55:32] INFO: Chart updated for 064350 (1224 days, Period: 5년)
[2025-06-12 14:59:34] INFO: Period changed to: 1년
[2025-06-12 14:59:34] INFO: Data filtered: 1년 (242 days)
[2025-06-12 14:59:34] ERROR: Moving averages plotting failed: 'ma120'
[2025-06-12 14:59:34] INFO: Chart updated for 064350 (242 days, Period: 1년)
[2025-06-12 14:59:48] INFO: Moving averages changed: MA5=True, MA20=True, MA60=False, MA120=False, MA200=True
[2025-06-12 14:59:48] INFO: Data filtered: 1년 (242 days)
[2025-06-12 14:59:48] ERROR: Moving averages plotting failed: 'ma120'
[2025-06-12 14:59:48] INFO: Chart updated for 064350 (242 days, Period: 1년)
[2025-06-12 14:59:49] INFO: Moving averages changed: MA5=True, MA20=True, MA60=False, MA120=False, MA200=False
[2025-06-12 14:59:49] INFO: Data filtered: 1년 (242 days)
[2025-06-12 14:59:49] ERROR: Moving averages plotting failed: 'ma120'
[2025-06-12 14:59:50] INFO: Chart updated for 064350 (242 days, Period: 1년)
[2025-06-12 14:59:54] INFO: Period changed to: 1년
[2025-06-12 14:59:54] INFO: Data filtered: 1년 (242 days)
[2025-06-12 14:59:54] ERROR: Moving averages plotting failed: 'ma120'
[2025-06-12 14:59:54] INFO: Chart updated for 064350 (242 days, Period: 1년)
[2025-06-12 14:59:59] INFO: Period changed to: 5년
[2025-06-12 14:59:59] INFO: Data filtered: 5년 (1224 days)
[2025-06-12 14:59:59] ERROR: Moving averages plotting failed: 'ma120'
[2025-06-12 14:59:59] INFO: Chart updated for 064350 (1224 days, Period: 5년)
[2025-06-12 15:00:04] INFO: Period changed to: 1년
[2025-06-12 15:00:04] INFO: Data filtered: 1년 (242 days)
[2025-06-12 15:00:04] ERROR: Moving averages plotting failed: 'ma120'
[2025-06-12 15:00:04] INFO: Chart updated for 064350 (242 days, Period: 1년)
[2025-06-12 15:00:23] INFO: Moving averages changed: MA5=True, MA20=True, MA60=False, MA120=True, MA200=False
[2025-06-12 15:00:23] INFO: Data filtered: 1년 (242 days)
[2025-06-12 15:00:23] ERROR: Moving averages plotting failed: 'ma120'
[2025-06-12 15:00:23] INFO: Chart updated for 064350 (242 days, Period: 1년)
[2025-06-12 15:00:26] INFO: Moving averages changed: MA5=True, MA20=True, MA60=True, MA120=True, MA200=False
[2025-06-12 15:00:26] INFO: Data filtered: 1년 (242 days)
[2025-06-12 15:00:26] ERROR: Moving averages plotting failed: 'ma120'
[2025-06-12 15:00:26] INFO: Chart updated for 064350 (242 days, Period: 1년)
[2025-06-12 15:00:30] INFO: Data filtered: 1년 (242 days)
[2025-06-12 15:00:30] ERROR: Moving averages plotting failed: 'ma120'
[2025-06-12 15:00:30] INFO: Chart updated for 064350 (242 days, Period: 1년)
[2025-06-12 15:01:39] INFO: Moving averages changed: MA5=True, MA20=True, MA60=True, MA120=False, MA200=False
[2025-06-12 15:01:39] INFO: Data filtered: 1년 (242 days)
[2025-06-12 15:01:39] ERROR: Moving averages plotting failed: 'ma120'
[2025-06-12 15:01:39] INFO: Chart updated for 064350 (242 days, Period: 1년)
[2025-06-12 15:01:39] INFO: Moving averages changed: MA5=True, MA20=True, MA60=False, MA120=False, MA200=False
[2025-06-12 15:01:39] INFO: Data filtered: 1년 (242 days)
[2025-06-12 15:01:39] ERROR: Moving averages plotting failed: 'ma120'
[2025-06-12 15:01:40] INFO: Chart updated for 064350 (242 days, Period: 1년)
[2025-06-12 15:01:41] INFO: Moving averages changed: MA5=True, MA20=False, MA60=False, MA120=False, MA200=False
[2025-06-12 15:01:41] INFO: Data filtered: 1년 (242 days)
[2025-06-12 15:01:41] ERROR: Moving averages plotting failed: 'ma120'
[2025-06-12 15:01:41] INFO: Chart updated for 064350 (242 days, Period: 1년)
[2025-06-12 15:01:42] INFO: Moving averages changed: MA5=False, MA20=False, MA60=False, MA120=False, MA200=False
[2025-06-12 15:01:42] INFO: Data filtered: 1년 (242 days)
[2025-06-12 15:01:42] ERROR: Moving averages plotting failed: 'ma120'
[2025-06-12 15:01:42] INFO: Chart updated for 064350 (242 days, Period: 1년)
[2025-06-12 15:01:45] INFO: Period changed to: 1년
[2025-06-12 15:01:45] INFO: Data filtered: 1년 (242 days)
[2025-06-12 15:01:45] ERROR: Moving averages plotting failed: 'ma120'
[2025-06-12 15:01:45] INFO: Chart updated for 064350 (242 days, Period: 1년)
[2025-06-12 15:02:07] INFO: Moving averages changed: MA5=True, MA20=False, MA60=False, MA120=False, MA200=False
[2025-06-12 15:02:07] INFO: Data filtered: 1년 (242 days)
[2025-06-12 15:02:07] ERROR: Moving averages plotting failed: 'ma120'
[2025-06-12 15:02:07] INFO: Chart updated for 064350 (242 days, Period: 1년)
[2025-06-12 15:02:08] INFO: Moving averages changed: MA5=True, MA20=True, MA60=False, MA120=False, MA200=False
[2025-06-12 15:02:08] INFO: Data filtered: 1년 (242 days)
[2025-06-12 15:02:08] ERROR: Moving averages plotting failed: 'ma120'
[2025-06-12 15:02:08] INFO: Chart updated for 064350 (242 days, Period: 1년)
[2025-06-12 15:04:51] INFO: Moving averages changed: MA5=False, MA20=True, MA60=False, MA120=False, MA200=False
[2025-06-12 15:04:51] INFO: Data filtered: 1년 (242 days)
[2025-06-12 15:04:51] ERROR: Moving averages plotting failed: 'ma120'
[2025-06-12 15:04:51] INFO: Chart updated for 064350 (242 days, Period: 1년)
[2025-06-12 15:04:53] INFO: Moving averages changed: MA5=False, MA20=False, MA60=False, MA120=False, MA200=False
[2025-06-12 15:04:53] INFO: Data filtered: 1년 (242 days)
[2025-06-12 15:04:53] ERROR: Moving averages plotting failed: 'ma120'
[2025-06-12 15:04:53] INFO: Chart updated for 064350 (242 days, Period: 1년)
[2025-06-12 15:04:57] INFO: Data filtered: 1년 (242 days)
[2025-06-12 15:04:57] ERROR: Moving averages plotting failed: 'ma120'
[2025-06-12 15:04:57] INFO: Chart updated for 064350 (242 days, Period: 1년)
[2025-06-12 15:05:12] INFO: Moving averages changed: MA5=True, MA20=False, MA60=False, MA120=False, MA200=False
[2025-06-12 15:05:12] INFO: Data filtered: 1년 (242 days)
[2025-06-12 15:05:12] ERROR: Moving averages plotting failed: 'ma120'
[2025-06-12 15:05:12] INFO: Chart updated for 064350 (242 days, Period: 1년)
[2025-06-12 15:05:14] INFO: Moving averages changed: MA5=True, MA20=True, MA60=False, MA120=False, MA200=False
[2025-06-12 15:05:14] INFO: Data filtered: 1년 (242 days)
[2025-06-12 15:05:14] ERROR: Moving averages plotting failed: 'ma120'
[2025-06-12 15:05:14] INFO: Chart updated for 064350 (242 days, Period: 1년)
[2025-06-12 15:05:16] INFO: Data filtered: 1년 (242 days)
[2025-06-12 15:05:16] ERROR: Moving averages plotting failed: 'ma120'
[2025-06-12 15:05:16] INFO: Chart updated for 064350 (242 days, Period: 1년)
[2025-06-12 15:10:08] INFO: Chart setup completed with control panel
[2025-06-12 15:10:14] INFO: Data filtered: 1년 (251 days)
[2025-06-12 15:10:14] INFO: Chart updated for SOXL (251 days, Period: 1년)
[2025-06-12 15:10:25] INFO: Moving averages changed: MA5=True, MA20=True, MA60=True, MA120=False, MA200=False
[2025-06-12 15:10:25] INFO: Data filtered: 1년 (251 days)
[2025-06-12 15:10:25] INFO: Chart updated for SOXL (251 days, Period: 1년)
[2025-06-12 15:10:29] INFO: Moving averages changed: MA5=True, MA20=True, MA60=True, MA120=True, MA200=False
[2025-06-12 15:10:29] INFO: Data filtered: 1년 (251 days)
[2025-06-12 15:10:29] INFO: Chart updated for SOXL (251 days, Period: 1년)
[2025-06-12 15:10:32] INFO: Moving averages changed: MA5=True, MA20=True, MA60=True, MA120=True, MA200=True
[2025-06-12 15:10:32] INFO: Data filtered: 1년 (251 days)
[2025-06-12 15:10:32] INFO: Chart updated for SOXL (251 days, Period: 1년)
[2025-06-12 15:11:18] INFO: Data filtered: 1년 (251 days)
[2025-06-12 15:11:18] INFO: Chart updated for SOXL (251 days, Period: 1년)
[2025-06-12 15:17:11] INFO: Period changed to: 10년
[2025-06-12 15:17:11] INFO: Data filtered: 10년 (2514 days)
[2025-06-12 15:17:12] INFO: Chart updated for SOXL (2514 days, Period: 10년)
[2025-06-12 15:31:34] INFO: Chart setup completed with control panel
[2025-06-12 15:31:34] INFO: Parent widget set and chart initialized
[2025-06-12 15:44:53] INFO: Chart setup completed
[2025-06-12 15:45:14] INFO: Chart updated for SOXL (Korean: False)
[2025-06-12 15:58:58] INFO: Chart setup completed
[2025-06-12 15:59:24] INFO: Chart updated for SOXL (Korean: False)
[2025-06-12 15:59:27] INFO: Chart updated for SOXL (Korean: False)
[2025-06-12 15:59:44] INFO: Chart period set to: 3년
[2025-06-12 15:59:44] INFO: Chart updated for SOXL (Korean: False)
[2025-06-12 15:59:51] INFO: Moving averages set: MA5=True, MA20=True, MA60=True, MA200=False
[2025-06-12 15:59:51] INFO: Chart updated for SOXL (Korean: False)
[2025-06-12 15:59:53] INFO: Moving averages set: MA5=True, MA20=True, MA60=True, MA200=True
[2025-06-12 15:59:54] INFO: Chart updated for SOXL (Korean: False)
[2025-06-12 16:00:37] INFO: Chart updated for SOXL (Korean: False)
[2025-06-12 16:09:03] INFO: Chart setup completed
[2025-06-12 16:09:18] INFO: Chart updated for SOXL (Korean: False)
[2025-06-12 16:09:21] INFO: Chart updated for SOXL (Korean: False)
[2025-06-12 16:09:32] INFO: Moving averages set: MA5=True, MA20=True, MA60=True, MA200=False
[2025-06-12 16:09:32] INFO: Chart updated for SOXL (Korean: False)
[2025-06-12 16:09:36] INFO: Moving averages set: MA5=True, MA20=True, MA60=True, MA200=True
[2025-06-12 16:09:37] INFO: Chart updated for SOXL (Korean: False)
[2025-06-12 16:09:51] INFO: Chart period set to: 3년
[2025-06-12 16:09:51] INFO: Chart updated for SOXL (Korean: False)
[2025-06-12 16:09:54] INFO: Chart updated for SOXL (Korean: False)
[2025-06-12 16:12:18] INFO: Chart setup completed
[2025-06-12 16:12:28] INFO: Chart updated for SOXL (Korean: False)
[2025-06-12 16:12:38] INFO: Moving averages set: MA5=True, MA20=True, MA60=True, MA200=False
[2025-06-12 16:12:38] INFO: Chart updated for SOXL (Korean: False)
[2025-06-12 16:12:42] INFO: Moving averages set: MA5=True, MA20=True, MA60=True, MA200=True
[2025-06-12 16:12:42] INFO: Chart updated for SOXL (Korean: False)
[2025-06-12 16:12:47] INFO: Chart period set to: 3년
[2025-06-12 16:12:47] INFO: Chart updated for SOXL (Korean: False)
[2025-06-12 16:15:31] ERROR: Chart save failed: bad option "-initialname": must be -confirmoverwrite, -defaultextension, -filetypes, -initialdir, -initialfile, -parent, -title, or -typevariable
[2025-06-12 16:16:41] ERROR: Chart save failed: bad option "-initialname": must be -confirmoverwrite, -defaultextension, -filetypes, -initialdir, -initialfile, -parent, -title, or -typevariable
[2025-06-12 16:18:48] INFO: Chart setup completed
[2025-06-12 16:18:59] INFO: Chart updated for SOXL (Korean: False)
[2025-06-12 16:19:05] INFO: Chart updated for SOXL (Korean: False)
[2025-06-12 16:19:28] INFO: Chart period set to: 3년
[2025-06-12 16:19:28] INFO: Chart updated for SOXL (Korean: False)
[2025-06-12 16:19:30] INFO: Chart updated for SOXL (Korean: False)
[2025-06-12 16:19:53] INFO: Moving averages set: MA5=True, MA20=True, MA60=True, MA200=False
[2025-06-12 16:19:53] INFO: Chart updated for SOXL (Korean: False)
[2025-06-12 16:19:56] INFO: Moving averages set: MA5=True, MA20=True, MA60=True, MA200=True
[2025-06-12 16:19:56] INFO: Chart updated for SOXL (Korean: False)
[2025-06-12 16:21:47] INFO: Chart setup completed
[2025-06-12 16:48:18] INFO: Chart setup completed
[2025-06-12 16:48:36] INFO: Chart updated for SOXL (Korean: False)
[2025-06-12 16:59:40] INFO: Chart setup completed
[2025-06-12 16:59:59] INFO: Chart updated for SOXL (Korean: False)
[2025-06-12 17:00:14] INFO: Chart period set to: 3년
[2025-06-12 17:00:14] INFO: Chart updated for SOXL (Korean: False)
[2025-06-12 17:00:16] INFO: Chart updated for SOXL (Korean: False)
[2025-06-12 17:00:20] INFO: Moving averages set: MA5=True, MA20=True, MA60=False, MA200=True
[2025-06-12 17:00:20] INFO: Chart updated for SOXL (Korean: False)
[2025-06-12 17:00:22] INFO: Moving averages set: MA5=True, MA20=True, MA60=True, MA200=True
[2025-06-12 17:00:22] INFO: Chart updated for SOXL (Korean: False)
[2025-06-12 18:01:52] INFO: Chart setup completed
[2025-06-12 18:02:05] INFO: Chart updated for SOXL (Korean: False)
[2025-06-12 18:02:11] INFO: Chart updated for SOXL (Korean: False)
[2025-06-12 18:08:21] INFO: Chart setup completed
[2025-06-12 18:08:33] INFO: Chart updated for SOXL (Korean: False)
[2025-06-12 18:08:39] INFO: Chart updated for SOXL (Korean: False)
[2025-06-12 18:08:51] INFO: Chart period set to: 1년
[2025-06-12 18:08:51] INFO: Chart updated for SOXL (Korean: False)
[2025-06-12 18:08:55] INFO: Chart updated for SOXL (Korean: False)
[2025-06-12 19:01:52] INFO: Chart setup completed
[2025-06-12 19:08:40] INFO: Chart updated for SOXL (Korean: False)
[2025-06-12 19:08:47] INFO: Chart period set to: 1년
[2025-06-12 19:08:48] INFO: Chart updated for SOXL (Korean: False)
[2025-06-12 19:08:50] INFO: Chart updated for SOXL (Korean: False)
[2025-06-12 19:15:33] INFO: Chart setup completed
[2025-06-12 19:15:45] INFO: Chart updated for SOXL (Korean: False)
[2025-06-12 19:15:51] INFO: Chart updated for SOXL (Korean: False)
[2025-06-12 20:04:00] INFO: Chart setup completed
[2025-06-12 20:04:23] INFO: Chart updated for SOXL (Korean: False)
