[2025-06-12 13:05:53] INFO: 한국 주식 2855개 로드됨
[2025-06-12 13:05:53] INFO: SP500 데이터 스마트 업데이트 중...
[2025-06-12 13:05:54] INFO: SP500 데이터 최신임 (마지막 날짜: 2025-06-11)
[2025-06-12 13:05:55] INFO: 1Bo's Plan v2.0.1 Fixed Issues 시작됨
[2025-06-12 13:06:10] INFO: Quick select: SOXL
[2025-06-12 13:06:14] INFO: 스마트 다운로드 시작: SOXL
[2025-06-12 13:06:14] INFO: Available periods: ['3mo', '6mo', '1y'] (Total trading days: 502)
[2025-06-12 13:06:14] INFO: 데이터 정보 정확 업데이트: 502일 (2.0년)
[2025-06-12 13:06:15] INFO: 분석 기간 정확 설정: 1y (252 거래일)
[2025-06-12 13:06:44] INFO: 분석 기간 변경: 6mo
[2025-06-12 13:06:44] INFO: 분석 기간 정확 설정: 6mo (120 거래일)
[2025-06-12 13:06:44] INFO: 스마트 주식 분석 완료 (6MO, 120일)
[2025-06-12 13:06:47] INFO: 분석 기간 변경: 1y
[2025-06-12 13:06:47] INFO: 분석 기간 정확 설정: 1y (252 거래일)
[2025-06-12 13:06:47] INFO: 스마트 주식 분석 완료 (1Y, 252일)
[2025-06-12 13:06:51] INFO: 분석 기간 변경: 3mo
[2025-06-12 13:06:51] INFO: 분석 기간 정확 설정: 3mo (60 거래일)
[2025-06-12 13:06:51] INFO: 스마트 주식 분석 완료 (3MO, 60일)
[2025-06-12 13:06:52] INFO: 분석 기간 변경: 1y
[2025-06-12 13:06:52] INFO: 분석 기간 정확 설정: 1y (252 거래일)
[2025-06-12 13:06:52] INFO: 스마트 주식 분석 완료 (1Y, 252일)
