[2025-06-12 11:14:45] ERROR: 한국 주식 리스트 로드 실패: 'KoreanStockManager' object has no attribute 'load_stock_list'
[2025-06-12 11:14:45] INFO: 한국 주식 2879개 직접 로드됨
[2025-06-12 11:14:45] INFO: SP500 데이터 업데이트 중...
[2025-06-12 11:14:47] INFO: SP500 데이터 업데이트 완료
[2025-06-12 11:14:48] INFO: 1Bo's Plan v2.0.0 시작됨 - Improved Data Info
[2025-06-12 11:25:48] ERROR: 한국 주식 리스트 로드 실패: 'KoreanStockManager' object has no attribute 'load_stock_list'
[2025-06-12 11:25:48] INFO: 한국 주식 2879개 직접 로드됨
[2025-06-12 11:25:48] INFO: SP500 데이터 업데이트 중...
[2025-06-12 11:25:48] INFO: SP500 데이터 최신임 (마지막 날짜: 2025-06-11)
[2025-06-12 11:25:49] INFO: 1Bo's Plan v2.0.0 시작됨 - Reorganized UI
[2025-06-12 11:26:18] INFO: 데이터 정보 업데이트: 1년 11개월
[2025-06-12 11:26:19] INFO: 분석 기간 설정: 1y (251 일분)
[2025-06-12 11:26:19] INFO: 파일 로드됨: SOXL_250612.csv
[2025-06-12 11:26:42] INFO: 분석 기간 설정: 3mo (63 일분)
[2025-06-12 11:26:46] INFO: 분석 기간 설정: 1y (251 일분)
[2025-06-12 11:27:38] INFO: 스마트 데이터 다운로드 시작: SOXL
[2025-06-12 11:27:38] INFO: 기존 데이터 사용 (마지막 날짜: 2025-06-11)
[2025-06-12 11:27:38] INFO: 데이터 정보 업데이트: 1년 11개월
[2025-06-12 11:27:38] INFO: 분석 기간 설정: 1y (251 일분)
[2025-06-12 11:42:50] INFO: 스마트 데이터 다운로드 시작: 5930
[2025-06-12 11:42:50] INFO: 새 데이터 다운로드: 005930.KS
[2025-06-12 11:42:51] INFO: 데이터 다운로드 완료: 2452 일분
[2025-06-12 11:42:51] INFO: 데이터 정보 업데이트: 10년 0개월
[2025-06-12 11:42:51] INFO: 분석 기간 설정: 1y (242 일분)
[2025-06-12 11:43:31] INFO: 데이터 정보 업데이트: 1년 11개월
[2025-06-12 11:43:31] INFO: 분석 기간 설정: 1y (251 일분)
[2025-06-12 11:43:31] INFO: 파일 로드됨: SOXL_250612.csv
[2025-06-12 11:43:34] INFO: 스마트 데이터 다운로드 시작: SOXL
[2025-06-12 11:43:34] INFO: 기존 데이터 사용 (마지막 날짜: 2025-06-11)
[2025-06-12 11:43:34] INFO: 데이터 정보 업데이트: 1년 11개월
[2025-06-12 11:43:34] INFO: 분석 기간 설정: 1y (251 일분)
[2025-06-12 11:48:30] ERROR: 한국 주식 리스트 로드 실패: 'KoreanStockManager' object has no attribute 'load_stock_list'
[2025-06-12 11:48:30] INFO: 한국 주식 2879개 직접 로드됨
[2025-06-12 11:48:30] INFO: SP500 데이터 스마트 업데이트 중...
[2025-06-12 11:48:30] INFO: SP500 데이터 최신임 (마지막 날짜: 2025-06-11)
[2025-06-12 11:48:31] INFO: 1Bo's Plan v2.0.0 Smart Data Management 시작됨
[2025-06-12 11:49:36] INFO: 스마트 다운로드 시작: SOXL
[2025-06-12 11:49:36] INFO: 스마트 데이터 정보 업데이트: 1년 11개월
[2025-06-12 11:49:36] INFO: 분석 기간 설정: 1y (251 일분)
[2025-06-12 11:49:54] INFO: 분석 기간 설정: 1y (251 일분)
[2025-06-12 11:49:54] INFO: 분석 기간 설정: 1y (251 일분)
[2025-06-12 12:03:56] INFO: 한국 주식 2855개 로드됨
[2025-06-12 12:03:56] INFO: SP500 데이터 스마트 업데이트 중...
[2025-06-12 12:03:57] INFO: SP500 데이터 최신임 (마지막 날짜: 2025-06-11)
[2025-06-12 12:03:58] INFO: 1Bo's Plan v2.0.0 Smart Data Management 시작됨
[2025-06-12 12:04:23] INFO: Quick select: SOXL
[2025-06-12 12:04:27] INFO: 스마트 다운로드 시작: SOXL
[2025-06-12 12:04:27] INFO: 스마트 데이터 정보 업데이트: 1년 11개월
[2025-06-12 12:04:27] INFO: 분석 기간 설정: 1y (251 일분)
[2025-06-12 12:05:12] INFO: 분석 기간 설정: 3mo (63 일분)
[2025-06-12 12:05:20] INFO: 스마트 데이터 정보 업데이트: 1년 11개월
[2025-06-12 12:05:20] INFO: 분석 기간 설정: 3mo (63 일분)
[2025-06-12 12:05:20] INFO: 파일 로드됨: SOXL_250612.csv
[2025-06-12 12:09:38] INFO: 스마트 주식 분석 완료 (3MO, 63일)
[2025-06-12 12:10:00] INFO: 스마트 다운로드 시작: SOXL
[2025-06-12 12:10:00] INFO: 스마트 데이터 정보 업데이트: 1년 11개월
[2025-06-12 12:10:00] INFO: 분석 기간 설정: 3mo (63 일분)
[2025-06-12 12:36:41] INFO: 한국 주식 2855개 로드됨
[2025-06-12 12:36:41] INFO: SP500 데이터 스마트 업데이트 중...
[2025-06-12 12:36:41] INFO: SP500 데이터 최신임 (마지막 날짜: 2025-06-11)
[2025-06-12 12:36:42] INFO: 1Bo's Plan v2.0.0 Smart Data Management 시작됨
[2025-06-12 12:38:22] INFO: Quick select: SOXL
[2025-06-12 12:38:25] INFO: 스마트 다운로드 시작: SOXL
[2025-06-12 12:38:25] INFO: Available periods: ['3mo', '6mo', '1y', '3y'] (Total days: 730)
[2025-06-12 12:38:25] INFO: 스마트 데이터 정보 업데이트: 1년 11개월
[2025-06-12 12:38:25] INFO: 분석 기간 설정: 1y (251 일분)
[2025-06-12 12:38:42] INFO: 시작 날짜를 데이터 시작 날짜로 조정: 2023-06-12 00:00:00-04:00
[2025-06-12 12:38:42] INFO: 분석 기간 설정: 3y (502 일분)
[2025-06-12 12:39:09] INFO: 시작 날짜를 데이터 시작 날짜로 조정: 2023-06-12 00:00:00-04:00
[2025-06-12 12:39:09] INFO: 분석 기간 설정: 3y (502 일분)
[2025-06-12 12:39:27] INFO: 분석 기간 설정: 1y (251 일분)
[2025-06-12 12:39:29] INFO: 시작 날짜를 데이터 시작 날짜로 조정: 2023-06-12 00:00:00-04:00
[2025-06-12 12:39:29] INFO: 분석 기간 설정: 3y (502 일분)
[2025-06-12 12:39:45] INFO: 분석 기간 설정: 3mo (63 일분)
[2025-06-12 12:39:46] INFO: 분석 기간 설정: 6mo (122 일분)
